c:\users\신재영\source\repos\mymem_manager\mymem_manager\debug\vc141.pdb
c:\users\신재영\source\repos\mymem_manager\mymem_manager\debug\vc141.idb
c:\users\신재영\source\repos\mymem_manager\mymem_manager\debug\var.obj
c:\users\신재영\source\repos\mymem_manager\mymem_manager\debug\test_lib.obj
c:\users\신재영\source\repos\mymem_manager\mymem_manager\debug\senario.obj
c:\users\신재영\source\repos\mymem_manager\mymem_manager\debug\mem_free.obj
c:\users\신재영\source\repos\mymem_manager\mymem_manager\debug\mem_alloc.obj
c:\users\신재영\source\repos\mymem_manager\mymem_manager\debug\main.obj
c:\users\신재영\source\repos\mymem_manager\mymem_manager\debug\init_mem.obj
c:\users\신재영\source\repos\mymem_manager\mymem_manager\debug\chkapp2.obj
c:\users\신재영\source\repos\mymem_manager\mymem_manager\debug\chakapp.obj
c:\users\신재영\source\repos\mymem_manager\debug\mymem_manager.ilk
c:\users\신재영\source\repos\mymem_manager\debug\mymem_manager.exe
c:\users\신재영\source\repos\mymem_manager\debug\mymem_manager.pdb
c:\users\신재영\source\repos\mymem_manager\mymem_manager\debug\mymem_manager.tlog\cl.command.1.tlog
c:\users\신재영\source\repos\mymem_manager\mymem_manager\debug\mymem_manager.tlog\cl.read.1.tlog
c:\users\신재영\source\repos\mymem_manager\mymem_manager\debug\mymem_manager.tlog\cl.write.1.tlog
c:\users\신재영\source\repos\mymem_manager\mymem_manager\debug\mymem_manager.tlog\link.command.1.tlog
c:\users\신재영\source\repos\mymem_manager\mymem_manager\debug\mymem_manager.tlog\link.read.1.tlog
c:\users\신재영\source\repos\mymem_manager\mymem_manager\debug\mymem_manager.tlog\link.write.1.tlog
